<?xml version="1.0" encoding="UTF-8"?>
<testsuite xmlns:xsi="http://www.w3.org/2001/XMLSchema-instance" xsi:noNamespaceSchemaLocation="https://maven.apache.org/surefire/maven-surefire-plugin/xsd/surefire-test-report-3.0.xsd" version="3.0" name="arch.ArchTest" time="3.161" tests="3" errors="0" skipped="0" failures="0">
  <properties>
[...]
</properties>
  <testcase name="layered_architecture_should_be_respected" classname="arch.ArchTest" time="2.293">
    <system-err><![CDATA[SLF4J(W): No SLF4J providers were found.
SLF4J(W): Defaulting to no-operation (NOP) logger implementation
SLF4J(W): See https://www.slf4j.org/codes.html#noProviders for further details.
]]></system-err>
  </testcase>
  <testcase name="servlets_ne_doivent_pas_dependre_des_dao" classname="arch.ArchTest" time="0.504"/>
  <testcase name="ports_ne_doivent_pas_dependre_des_dao" classname="arch.ArchTest" time="0.285"/>
</testsuite>